2024-06-15T09:44:51.707923Z 0 [System] [MY-015015] [Server] MySQL Server - start.
2024-06-15T09:44:51.950320Z 0 [System] [MY-010116] [Server] C:\Users\Tomen\Documents\Programme\mysql-8.4.0-winx64\bin\mysqld.exe (mysqld 8.4.0) starting as process 11172
2024-06-15T09:44:52.011721Z 1 [System] [MY-013576] [InnoDB] InnoDB initialization has started.
2024-06-15T09:44:52.618073Z 1 [System] [MY-013577] [InnoDB] InnoDB initialization has ended.
2024-06-15T09:44:52.765494Z 0 [System] [MY-010229] [Server] Starting XA crash recovery...
2024-06-15T09:44:52.769006Z 0 [System] [MY-010232] [Server] XA crash recovery finished.
2024-06-15T09:44:52.923142Z 0 [Warning] [MY-010068] [Server] CA certificate ca.pem is self signed.
2024-06-15T09:44:52.923928Z 0 [System] [MY-013602] [Server] Channel mysql_main configured to support TLS. Encrypted connections are now supported for this channel.
2024-06-15T09:44:52.977124Z 0 [System] [MY-010931] [Server] C:\Users\Tomen\Documents\Programme\mysql-8.4.0-winx64\bin\mysqld.exe: ready for connections. Version: '8.4.0'  socket: ''  port: 3306  MySQL Community Server - GPL.
2024-06-15T09:44:53.241838Z 0 [System] [MY-011323] [Server] X Plugin ready for connections. Bind-address: '::' port: 33060
2024-06-15T09:46:04.069722Z 0 [System] [MY-015015] [Server] MySQL Server - start.
2024-06-15T09:46:04.146587Z 0 [System] [MY-010116] [Server] C:\Users\Tomen\Documents\Programme\mysql-8.4.0-winx64\bin\mysqld.exe (mysqld 8.4.0) starting as process 5332
2024-06-15T09:46:04.158946Z 1 [System] [MY-013576] [InnoDB] InnoDB initialization has started.
2024-06-15T09:46:05.244756Z 1 [System] [MY-013577] [InnoDB] InnoDB initialization has ended.
2024-06-15T09:46:05.356768Z 0 [System] [MY-010229] [Server] Starting XA crash recovery...
2024-06-15T09:46:05.359724Z 0 [System] [MY-010232] [Server] XA crash recovery finished.
2024-06-15T09:46:05.402717Z 0 [Warning] [MY-010068] [Server] CA certificate ca.pem is self signed.
2024-06-15T09:46:05.403061Z 0 [System] [MY-013602] [Server] Channel mysql_main configured to support TLS. Encrypted connections are now supported for this channel.
2024-06-15T09:46:05.425040Z 0 [System] [MY-010931] [Server] C:\Users\Tomen\Documents\Programme\mysql-8.4.0-winx64\bin\mysqld.exe: ready for connections. Version: '8.4.0'  socket: ''  port: 3306  MySQL Community Server - GPL.
2024-06-15T09:46:05.699421Z 0 [System] [MY-011323] [Server] X Plugin ready for connections. Bind-address: '::' port: 33060
